c:\users\bill\desktop\gammaforcesource codes\ultimatium\steamapi\trunk\debug\vc120.pdb
c:\users\bill\desktop\gammaforcesource codes\ultimatium\steamapi\trunk\debug\steamuserstats007.obj
c:\users\bill\desktop\gammaforcesource codes\ultimatium\steamapi\trunk\debug\steamuser014.obj
c:\users\bill\desktop\gammaforcesource codes\ultimatium\steamapi\trunk\debug\steammasterserverupdater001.obj
c:\users\bill\desktop\gammaforcesource codes\ultimatium\steamapi\trunk\debug\steamgameserver010.obj
c:\users\bill\desktop\gammaforcesource codes\ultimatium\steamapi\trunk\debug\steamfriends007.obj
c:\users\bill\desktop\gammaforcesource codes\ultimatium\steamapi\trunk\debug\steamapps003.obj
c:\users\bill\desktop\gammaforcesource codes\ultimatium\steamapi\trunk\debug\steamcommon.obj
c:\users\bill\desktop\gammaforcesource codes\ultimatium\steamapi\trunk\debug\steamapi.obj
c:\users\bill\desktop\gammaforcesource codes\ultimatium\steamapi\trunk\debug\clientpatches.obj
c:\users\bill\desktop\gammaforcesource codes\ultimatium\steamapi\trunk\debug\log.obj
c:\users\bill\desktop\gammaforcesource codes\ultimatium\steamapi\trunk\debug\main.obj
c:\users\bill\desktop\gammaforcesource codes\ultimatium\steamapi\trunk\debug\patchuistrings.obj
c:\users\bill\desktop\gammaforcesource codes\ultimatium\steamapi\trunk\debug\patchstrings.obj
c:\users\bill\desktop\gammaforcesource codes\ultimatium\steamapi\trunk\debug\patchcommands.obj
c:\users\bill\desktop\gammaforcesource codes\ultimatium\steamapi\trunk\debug\steamclient.obj
c:\users\bill\desktop\gammaforcesource codes\ultimatium\steamapi\trunk\debug\patchstringssp.obj
c:\users\bill\desktop\gammaforcesource codes\ultimatium\steamapi\trunk\debug\clientpatchessp.obj
c:\users\bill\desktop\gammaforcesource codes\ultimatium\steamapi\trunk\debug\performauth.obj
c:\users\bill\desktop\gammaforcesource codes\ultimatium\steamapi\trunk\debug\logindialog.obj
c:\users\bill\desktop\gammaforcesource codes\ultimatium\steamapi\trunk\debug\.netframework,version=v4.0.assemblyattributes.obj
g:\nemops\steam_api.dll
g:\nemops\steam_api.pdb
g:\nemops\steam_api.lib
g:\nemops\steam_api.exp
c:\users\bill\desktop\gammaforcesource codes\ultimatium\steamapi\trunk\debug\steamapi.tlog\cl.command.1.tlog
c:\users\bill\desktop\gammaforcesource codes\ultimatium\steamapi\trunk\debug\steamapi.tlog\cl.read.1.tlog
c:\users\bill\desktop\gammaforcesource codes\ultimatium\steamapi\trunk\debug\steamapi.tlog\cl.write.1.tlog
c:\users\bill\desktop\gammaforcesource codes\ultimatium\steamapi\trunk\debug\steamapi.tlog\link.command.1.tlog
c:\users\bill\desktop\gammaforcesource codes\ultimatium\steamapi\trunk\debug\steamapi.tlog\link.read.1.tlog
c:\users\bill\desktop\gammaforcesource codes\ultimatium\steamapi\trunk\debug\steamapi.tlog\link.write.1.tlog
c:\users\bill\desktop\gammaforcesource codes\ultimatium\steamapi\trunk\debug\steamapi.tlog\metagen.read.1.tlog
c:\users\bill\desktop\gammaforcesource codes\ultimatium\steamapi\trunk\debug\steamapi.tlog\metagen.write.1.tlog
c:\users\bill\desktop\gammaforcesource codes\ultimatium\steamapi\trunk\debug\steamapi.tlog\steamapi.write.1u.tlog
c:\users\bill\desktop\gammaforcesource codes\ultimatium\steamapi\trunk\debug\steamapi.tlog\tzres.dll.bi
