.\Release\SteamAPI.pdb
F:\Backup SSD 11-15-2012\Users\BillTurbineGR\Desktop\aRev Code\RevOps\SteamAPI\trunk\.\Release\SteamAPI.dll
F:\Backup SSD 11-15-2012\Users\BillTurbineGR\Desktop\aRev Code\RevOps\SteamAPI\trunk\.\Release\SteamAPI.dll.intermediate.manifest
F:\BACKUP SSD 11-15-2012\USERS\BILLTURBINEGR\DESKTOP\AREV CODE\REVOPS\STEAMAPI\TRUNK\RELEASE\.NETFRAMEWORK,VERSION=V4.0.ASSEMBLYATTRIBUTES.OBJ
F:\BACKUP SSD 11-15-2012\USERS\BILLTURBINEGR\DESKTOP\AREV CODE\REVOPS\STEAMAPI\TRUNK\RELEASE\ANTICODE.OBJ
F:\BACKUP SSD 11-15-2012\USERS\BILLTURBINEGR\DESKTOP\AREV CODE\REVOPS\STEAMAPI\TRUNK\RELEASE\APIEXPORTS.OBJ
F:\Backup SSD 11-15-2012\Users\BillTurbineGR\Desktop\aRev Code\RevOps\SteamAPI\trunk\Release\BlueMarshal.dll
F:\Backup SSD 11-15-2012\Users\BillTurbineGR\Desktop\aRev Code\RevOps\SteamAPI\trunk\Release\BuiltInDWServer.pdb
F:\BACKUP SSD 11-15-2012\USERS\BILLTURBINEGR\DESKTOP\AREV CODE\REVOPS\STEAMAPI\TRUNK\RELEASE\CALLBACKS.OBJ
F:\Backup SSD 11-15-2012\Users\BillTurbineGR\Desktop\aRev Code\RevOps\SteamAPI\trunk\Release\cl.command.1.tlog
F:\Backup SSD 11-15-2012\Users\BillTurbineGR\Desktop\aRev Code\RevOps\SteamAPI\trunk\Release\CL.read.1.tlog
F:\Backup SSD 11-15-2012\Users\BillTurbineGR\Desktop\aRev Code\RevOps\SteamAPI\trunk\Release\CL.write.1.tlog
F:\BACKUP SSD 11-15-2012\USERS\BILLTURBINEGR\DESKTOP\AREV CODE\REVOPS\STEAMAPI\TRUNK\RELEASE\CONSOLE.OBJ
F:\BACKUP SSD 11-15-2012\USERS\BILLTURBINEGR\DESKTOP\AREV CODE\REVOPS\STEAMAPI\TRUNK\RELEASE\DEMONWARE.OBJ
F:\BACKUP SSD 11-15-2012\USERS\BILLTURBINEGR\DESKTOP\AREV CODE\REVOPS\STEAMAPI\TRUNK\RELEASE\DETECTIONS.OBJ
F:\Backup SSD 11-15-2012\Users\BillTurbineGR\Desktop\aRev Code\RevOps\SteamAPI\trunk\Release\en\NNI.resources.dll
F:\Backup SSD 11-15-2012\Users\BillTurbineGR\Desktop\aRev Code\RevOps\SteamAPI\trunk\Release\en\NSClient.resources.dll
F:\BACKUP SSD 11-15-2012\USERS\BILLTURBINEGR\DESKTOP\AREV CODE\REVOPS\STEAMAPI\TRUNK\RELEASE\FILESYSTEM.OBJ
F:\BACKUP SSD 11-15-2012\USERS\BILLTURBINEGR\DESKTOP\AREV CODE\REVOPS\STEAMAPI\TRUNK\RELEASE\GAMEPATCHES.OBJ
F:\BACKUP SSD 11-15-2012\USERS\BILLTURBINEGR\DESKTOP\AREV CODE\REVOPS\STEAMAPI\TRUNK\RELEASE\GETCOMMANDLINE.OBJ
F:\BACKUP SSD 11-15-2012\USERS\BILLTURBINEGR\DESKTOP\AREV CODE\REVOPS\STEAMAPI\TRUNK\RELEASE\HOOKING.OBJ
F:\BACKUP SSD 11-15-2012\USERS\BILLTURBINEGR\DESKTOP\AREV CODE\REVOPS\STEAMAPI\TRUNK\RELEASE\HWBRK.OBJ
F:\Backup SSD 11-15-2012\Users\BillTurbineGR\Desktop\aRev Code\RevOps\SteamAPI\trunk\Release\link.command.1.tlog
F:\Backup SSD 11-15-2012\Users\BillTurbineGR\Desktop\aRev Code\RevOps\SteamAPI\trunk\Release\link.read.1.tlog
F:\Backup SSD 11-15-2012\Users\BillTurbineGR\Desktop\aRev Code\RevOps\SteamAPI\trunk\Release\link.write.1.tlog
F:\BACKUP SSD 11-15-2012\USERS\BILLTURBINEGR\DESKTOP\AREV CODE\REVOPS\STEAMAPI\TRUNK\RELEASE\LOG.OBJ
F:\BACKUP SSD 11-15-2012\USERS\BILLTURBINEGR\DESKTOP\AREV CODE\REVOPS\STEAMAPI\TRUNK\RELEASE\MAIN.OBJ
F:\Backup SSD 11-15-2012\Users\BillTurbineGR\Desktop\aRev Code\RevOps\SteamAPI\trunk\Release\Marshal.dll
F:\Backup SSD 11-15-2012\Users\BillTurbineGR\Desktop\aRev Code\RevOps\SteamAPI\trunk\Release\Marshal.pdb
F:\Backup SSD 11-15-2012\Users\BillTurbineGR\Desktop\aRev Code\RevOps\SteamAPI\trunk\Release\metagen.write.1.tlog
F:\BACKUP SSD 11-15-2012\USERS\BILLTURBINEGR\DESKTOP\AREV CODE\REVOPS\STEAMAPI\TRUNK\RELEASE\MODALMESSAGES.OBJ
F:\Backup SSD 11-15-2012\Users\BillTurbineGR\Desktop\aRev Code\RevOps\SteamAPI\trunk\Release\mt.command.1.tlog
F:\Backup SSD 11-15-2012\Users\BillTurbineGR\Desktop\aRev Code\RevOps\SteamAPI\trunk\Release\mt.read.1.tlog
F:\Backup SSD 11-15-2012\Users\BillTurbineGR\Desktop\aRev Code\RevOps\SteamAPI\trunk\Release\mt.write.1.tlog
F:\Backup SSD 11-15-2012\Users\BillTurbineGR\Desktop\aRev Code\RevOps\SteamAPI\trunk\Release\NemexisNet.pdb
F:\BACKUP SSD 11-15-2012\USERS\BILLTURBINEGR\DESKTOP\AREV CODE\REVOPS\STEAMAPI\TRUNK\RELEASE\NEWHOOKING.OBJ
F:\Backup SSD 11-15-2012\Users\BillTurbineGR\Desktop\aRev Code\RevOps\SteamAPI\trunk\Release\NNI.dll
F:\Backup SSD 11-15-2012\Users\BillTurbineGR\Desktop\aRev Code\RevOps\SteamAPI\trunk\Release\NNI.pdb
F:\Backup SSD 11-15-2012\Users\BillTurbineGR\Desktop\aRev Code\RevOps\SteamAPI\trunk\Release\NSClient.dll
F:\Backup SSD 11-15-2012\Users\BillTurbineGR\Desktop\aRev Code\RevOps\SteamAPI\trunk\Release\NSClient.pdb
F:\Backup SSD 11-15-2012\Users\BillTurbineGR\Desktop\aRev Code\RevOps\SteamAPI\trunk\Release\NSLib.dll
F:\BACKUP SSD 11-15-2012\USERS\BILLTURBINEGR\DESKTOP\AREV CODE\REVOPS\STEAMAPI\TRUNK\RELEASE\NSLIB.OBJ
F:\Backup SSD 11-15-2012\Users\BillTurbineGR\Desktop\aRev Code\RevOps\SteamAPI\trunk\Release\NSLib.pdb
F:\BACKUP SSD 11-15-2012\USERS\BILLTURBINEGR\DESKTOP\AREV CODE\REVOPS\STEAMAPI\TRUNK\RELEASE\PATCHT5BRANDING.OBJ
F:\BACKUP SSD 11-15-2012\USERS\BILLTURBINEGR\DESKTOP\AREV CODE\REVOPS\STEAMAPI\TRUNK\RELEASE\STATS.OBJ
F:\BACKUP SSD 11-15-2012\USERS\BILLTURBINEGR\DESKTOP\AREV CODE\REVOPS\STEAMAPI\TRUNK\RELEASE\STEAMAPI.DLL
F:\BACKUP SSD 11-15-2012\USERS\BILLTURBINEGR\DESKTOP\AREV CODE\REVOPS\STEAMAPI\TRUNK\RELEASE\STEAMAPI.DLL.INTERMEDIATE.MANIFEST
F:\Backup SSD 11-15-2012\Users\BillTurbineGR\Desktop\aRev Code\RevOps\SteamAPI\trunk\Release\SteamAPI.exp
F:\Backup SSD 11-15-2012\Users\BillTurbineGR\Desktop\aRev Code\RevOps\SteamAPI\trunk\Release\SteamAPI.lib
F:\BACKUP SSD 11-15-2012\USERS\BILLTURBINEGR\DESKTOP\AREV CODE\REVOPS\STEAMAPI\TRUNK\RELEASE\STEAMAPI.OBJ
F:\BACKUP SSD 11-15-2012\USERS\BILLTURBINEGR\DESKTOP\AREV CODE\REVOPS\STEAMAPI\TRUNK\RELEASE\STEAMAPI.PDB
F:\Backup SSD 11-15-2012\Users\BillTurbineGR\Desktop\aRev Code\RevOps\SteamAPI\trunk\Release\SteamAPI.vcxprojResolveAssemblyReference.cache
F:\Backup SSD 11-15-2012\Users\BillTurbineGR\Desktop\aRev Code\RevOps\SteamAPI\trunk\Release\SteamAPI.write.1.tlog
F:\BACKUP SSD 11-15-2012\USERS\BILLTURBINEGR\DESKTOP\AREV CODE\REVOPS\STEAMAPI\TRUNK\RELEASE\STEAMAPPS003.OBJ
F:\BACKUP SSD 11-15-2012\USERS\BILLTURBINEGR\DESKTOP\AREV CODE\REVOPS\STEAMAPI\TRUNK\RELEASE\STEAMCOMMON.OBJ
F:\BACKUP SSD 11-15-2012\USERS\BILLTURBINEGR\DESKTOP\AREV CODE\REVOPS\STEAMAPI\TRUNK\RELEASE\STEAMFRIENDS007.OBJ
F:\BACKUP SSD 11-15-2012\USERS\BILLTURBINEGR\DESKTOP\AREV CODE\REVOPS\STEAMAPI\TRUNK\RELEASE\STEAMGAMESERVER010.OBJ
F:\BACKUP SSD 11-15-2012\USERS\BILLTURBINEGR\DESKTOP\AREV CODE\REVOPS\STEAMAPI\TRUNK\RELEASE\STEAMMASTERSERVERUPDATER001.OBJ
F:\BACKUP SSD 11-15-2012\USERS\BILLTURBINEGR\DESKTOP\AREV CODE\REVOPS\STEAMAPI\TRUNK\RELEASE\STEAMUSER014.OBJ
F:\BACKUP SSD 11-15-2012\USERS\BILLTURBINEGR\DESKTOP\AREV CODE\REVOPS\STEAMAPI\TRUNK\RELEASE\STEAMUSERSTATS007.OBJ
F:\BACKUP SSD 11-15-2012\USERS\BILLTURBINEGR\DESKTOP\AREV CODE\REVOPS\STEAMAPI\TRUNK\RELEASE\T5SPH4X.OBJ
F:\BACKUP SSD 11-15-2012\USERS\BILLTURBINEGR\DESKTOP\AREV CODE\REVOPS\STEAMAPI\TRUNK\RELEASE\TOOLS.OBJ
F:\BACKUP SSD 11-15-2012\USERS\BILLTURBINEGR\DESKTOP\AREV CODE\REVOPS\STEAMAPI\TRUNK\RELEASE\VC100.PDB
F:\Backup SSD 11-15-2012\Users\BillTurbineGR\Desktop\aRev Code\RevOps\SteamAPI\trunk\Release\vc110.pdb
㩆䉜捡畫⁰卓⁄ㄱㄭⴵ〲㈱啜敳獲䉜汩呬牵楢敮則䑜獥瑫灯慜敒⁶潃敤剜癥灏屳瑓慥䅭䥐瑜畲歮剜汥慥敳乜䥎搮汬਍㩆䉜捡畫⁰卓⁄ㄱㄭⴵ〲㈱啜敳獲䉜汩呬牵楢敮則䑜獥瑫灯慜敒⁶潃敤剜癥灏屳瑓慥䅭䥐瑜畲歮剜汥慥敳乜䥎瀮扤਍㩆䉜捡畫⁰卓⁄ㄱㄭⴵ〲㈱啜敳獲䉜汩呬牵楢敮則䑜獥瑫灯慜敒⁶潃敤剜癥灏屳瑓慥䅭䥐瑜畲歮剜汥慥敳敜屮乎⹉敲潳牵散⹳汤൬帊㩆䉜捡畫⁰卓⁄ㄱㄭⴵ〲㈱啜敳獲䉜汩呬牵楢敮則䑜獥瑫灯慜敒⁶潃敤剜癥灏屳瑓慥䅭䥐瑜畲歮卜整浡偁⹉捶灸潲൪䘊尺慂正灵匠䑓ㄠⴱ㔱㈭㄰尲獕牥屳楂汬畔扲湩䝥屒敄歳潴屰剡癥䌠摯履敒佶獰卜整浡偁屉牴湵屫敒敬獡履瑓慥䅭䥐氮扩਍㩆䉜捡畫⁰卓⁄ㄱㄭⴵ〲㈱啜敳獲䉜汩呬牵楢敮則䑜獥瑫灯慜敒⁶潃敤剜癥灏屳瑓慥䅭䥐瑜畲歮剜汥慥敳卜整浡偁⹉硥൰䘊尺慂正灵匠䑓ㄠⴱ㔱㈭㄰尲獕牥屳楂汬畔扲湩䝥屒敄歳潴屰剡癥䌠摯履敒佶獰卜整浡偁屉牴湵屫敒敬獡履乎⹉汤൬䘊尺慂正灵匠䑓ㄠⴱ㔱㈭㄰尲獕牥屳楂汬畔扲湩䝥屒敄歳潴屰剡癥䌠摯履敒佶獰卜整浡偁屉牴湵屫敒敬獡履督汲扩搮汬਍㩆䉜捡畫⁰卓⁄ㄱㄭⴵ〲㈱啜敳獲䉜汩呬牵楢敮則䑜獥瑫灯慜敒⁶潃敤剜癥灏屳瑓慥䅭䥐瑜畲歮剜汥慥敳乜䥎瀮扤਍㩆䉜捡畫⁰卓⁄ㄱㄭⴵ〲㈱啜敳獲䉜汩呬牵楢敮則䑜獥瑫灯慜敒⁶潃敤剜癥灏屳瑓慥䅭䥐瑜畲歮剜汥慥敳敜屮乎⹉敲潳牵散⹳汤൬帊㩆䉜捡畫⁰卓⁄ㄱㄭⴵ〲㈱啜敳獲䉜汩呬牵楢敮則䑜獥瑫灯慜敒⁶潃敤剜癥灏屳瑓慥䅭䥐瑜畲歮卜整浡偁⹉捶灸潲൪䘊尺慂正灵匠䑓ㄠⴱ㔱㈭㄰尲獕牥屳楂汬畔扲湩䝥屒敄歳潴屰剡癥䌠摯履敒佶獰卜整浡偁屉牴湵屫敒敬獡履瑓慥䅭䥐氮扩਍㩆䉜捡畫⁰卓⁄ㄱㄭⴵ〲㈱啜敳獲䉜汩呬牵楢敮則䑜獥瑫灯慜敒⁶潃敤剜癥灏屳瑓慥䅭䥐瑜畲歮剜汥慥敳卜整浡偁⹉硥൰䘊尺慂正灵匠䑓ㄠⴱ㔱㈭㄰尲獕牥屳楂汬畔扲湩䝥屒敄歳潴屰剡癥䌠摯履敒佶獰卜整浡偁屉牴湵屫敒敬獡履乎⹉汤൬䘊尺慂正灵匠䑓ㄠⴱ㔱㈭㄰尲獕牥屳楂汬畔扲湩䝥屒敄歳潴屰剡癥䌠摯履敒佶獰卜整浡偁屉牴湵屫敒敬獡履督汲扩搮汬਍㩆䉜捡畫⁰卓⁄ㄱㄭⴵ〲㈱啜敳獲䉜汩呬牵楢敮則䑜獥瑫灯慜敒⁶潃敤剜癥灏屳瑓慥䅭䥐瑜畲歮剜汥慥敳乜䥎瀮扤਍㩆䉜捡畫⁰卓⁄ㄱㄭⴵ〲㈱啜敳獲䉜汩呬牵楢敮則䑜獥瑫灯慜敒⁶潃敤剜癥灏屳瑓慥䅭䥐瑜畲歮剜汥慥敳敜屮乎⹉敲潳牵散⹳汤൬䘊尺慂正灵匠䑓ㄠⴱ㔱㈭㄰尲獕牥屳楂汬畔扲湩䝥屒敄歳潴屰剡癥䌠摯履敒佶獰卜整浡偁屉牴湵屫敒敬獡履乎⹉汤൬䘊尺慂正灵匠䑓ㄠⴱ㔱㈭㄰尲獕牥屳楂汬畔扲湩䝥屒敄歳潴屰剡癥䌠摯履敒佶獰卜整浡偁屉牴湵屫敒敬獡履督汲扩搮汬਍㩆䉜捡畫⁰卓⁄ㄱㄭⴵ〲㈱啜敳獲䉜汩呬牵楢敮則䑜獥瑫灯慜敒⁶潃敤剜癥灏屳瑓慥䅭䥐瑜畲歮剜汥慥敳乜䥎瀮扤਍㩆䉜捡畫⁰卓⁄ㄱㄭⴵ〲㈱啜敳獲䉜汩呬牵楢敮則䑜獥瑫灯慜敒⁶潃敤剜癥灏屳瑓慥䅭䥐瑜畲歮剜汥慥敳敜屮乎⹉敲潳牵散⹳汤൬䘊尺慂正灵匠䑓ㄠⴱ㔱㈭㄰尲獕牥屳楂汬畔扲湩䝥屒敄歳潴屰剡癥䌠摯履敒佶獰卜整浡偁屉牴湵屫敒敬獡履乎⹉汤൬䘊尺慂正灵匠䑓ㄠⴱ㔱㈭㄰尲獕牥屳楂汬畔扲湩䝥屒敄歳潴屰剡癥䌠摯履敒佶獰卜整浡偁屉牴湵屫敒敬獡履督汲扩搮汬਍㩆䉜捡畫⁰卓⁄ㄱㄭⴵ〲㈱啜敳獲䉜汩呬牵楢敮則䑜獥瑫灯慜敒⁶潃敤剜癥灏屳瑓慥䅭䥐瑜畲歮剜汥慥敳乜䥎瀮扤਍㩆䉜捡畫⁰卓⁄ㄱㄭⴵ〲㈱啜敳獲䉜汩呬牵楢敮則䑜獥瑫灯慜敒⁶潃敤剜癥灏屳瑓慥䅭䥐瑜畲歮剜汥慥敳敜屮乎⹉敲潳牵散⹳汤൬帊㩆䉜捡畫⁰卓⁄ㄱㄭⴵ〲㈱啜敳獲䉜汩呬牵楢敮則䑜獥瑫灯慜敒⁶潃敤剜癥灏屳瑓慥䅭䥐瑜畲歮卜整浡偁⹉捶灸潲൪䘊尺慂正灵匠䑓ㄠⴱ㔱㈭㄰尲獕牥屳楂汬畔扲湩䝥屒敄歳潴屰剡癥䌠摯履敒佶獰卜整浡偁屉牴湵屫敒敬獡履瑓慥䅭䥐氮扩਍㩆䉜捡畫⁰卓⁄ㄱㄭⴵ〲㈱啜敳獲䉜汩呬牵楢敮則䑜獥瑫灯慜敒⁶潃敤剜癥灏屳瑓慥䅭䥐瑜畲歮剜汥慥敳卜整浡偁⹉硥൰䘊尺慂正灵匠䑓ㄠⴱ㔱㈭㄰尲獕牥屳楂汬畔扲湩䝥屒敄歳潴屰剡癥䌠摯履敒佶獰卜整浡偁屉牴湵屫敒敬獡履乎⹉汤൬䘊尺慂正灵匠䑓ㄠⴱ㔱㈭㄰尲獕牥屳楂汬畔扲湩䝥屒敄歳潴屰剡癥䌠摯履敒佶獰卜整浡偁屉牴湵屫敒敬獡履乎⹉摰ൢ䘊尺慂正灵匠䑓ㄠⴱ㔱㈭㄰尲獕牥屳楂汬畔扲湩䝥屒敄歳潴屰剡癥䌠摯履敒佶獰卜整浡偁屉牴湵屫敒敬獡履湥乜䥎爮獥畯捲獥搮汬਍䙞尺慂正灵匠䑓ㄠⴱ㔱㈭㄰尲獕牥屳楂汬畔扲湩䝥屒敄歳潴屰剡癥䌠摯履敒佶獰卜整浡偁屉牴湵屫瑓慥䅭䥐瘮硣牰橯਍㩆䉜捡畫⁰卓⁄ㄱㄭⴵ〲㈱啜敳獲䉜汩呬牵楢敮則䑜獥瑫灯慜敒⁶潃敤剜癥灏屳瑓慥䅭䥐瑜畲歮剜汥慥敳卜整浡偁⹉楬ൢ䘊尺慂正灵匠䑓ㄠⴱ㔱㈭㄰尲獕牥屳楂汬畔扲湩䝥屒敄歳潴屰剡癥䌠摯履敒佶獰卜整浡偁屉牴湵屫敒敬獡履瑓慥䅭䥐攮灸਍㩆䉜捡畫⁰卓⁄ㄱㄭⴵ〲㈱啜敳獲䉜汩呬牵楢敮則䑜獥瑫灯慜敒⁶潃敤剜癥灏屳瑓慥䅭䥐瑜畲歮剜汥慥敳乜䥎搮汬਍㩆䉜捡畫⁰卓⁄ㄱㄭⴵ〲㈱啜敳獲䉜汩呬牵楢敮則䑜獥瑫灯慜敒⁶潃敤剜癥灏屳瑓慥䅭䥐瑜畲歮剜汥慥敳乜䥎瀮扤਍㩆䉜捡畫⁰卓⁄ㄱㄭⴵ〲㈱啜敳獲䉜汩呬牵楢敮則䑜獥瑫灯慜敒⁶潃敤剜癥灏屳瑓慥䅭䥐瑜畲歮剜汥慥敳敜屮乎⹉敲潳牵散⹳汤൬䘊尺慂正灵匠䑓ㄠⴱ㔱㈭㄰尲獕牥屳楂汬畔扲湩䝥屒敄歳潴屰剡癥䌠摯履敒佶獰卜整浡偁屉牴湵屫敒敬獡履乎⹉汤൬䘊尺慂正灵匠䑓ㄠⴱ㔱㈭㄰尲獕牥屳楂汬畔扲湩䝥屒敄歳潴屰剡癥䌠摯履敒佶獰卜整浡偁屉牴湵屫敒敬獡履乎⹉摰ൢ䘊尺慂正灵匠䑓ㄠⴱ㔱㈭㄰尲獕牥屳楂汬畔扲湩䝥屒敄歳潴屰剡癥䌠摯履敒佶獰卜整浡偁屉牴湵屫敒敬獡履湥乜䥎爮獥畯捲獥搮汬਍䙞尺慂正灵匠䑓ㄠⴱ㔱㈭㄰尲獕牥屳楂汬畔扲湩䝥屒敄歳潴屰剡癥䌠摯履敒佶獰卜整浡偁屉牴湵屫瑓慥䅭䥐瘮硣牰橯਍㩆䉜捡畫⁰卓⁄ㄱㄭⴵ〲㈱啜敳獲䉜汩呬牵楢敮則䑜獥瑫灯慜敒⁶潃敤剜癥灏屳瑓慥䅭䥐瑜畲歮剜汥慥敳卜整浡偁⹉楬ൢ䘊尺慂正灵匠䑓ㄠⴱ㔱㈭㄰尲獕牥屳楂汬畔扲湩䝥屒敄歳潴屰剡癥䌠摯履敒佶獰卜整浡偁屉牴湵屫敒敬獡履瑓慥䅭䥐攮灸਍㩆䉜捡畫⁰卓⁄ㄱㄭⴵ〲㈱啜敳獲䉜汩呬牵楢敮則䑜獥瑫灯慜敒⁶潃敤剜癥灏屳瑓慥䅭䥐瑜畲歮剜汥慥敳乜䥎搮汬਍㩆䉜捡畫⁰卓⁄ㄱㄭⴵ〲㈱啜敳獲䉜汩呬牵楢敮則䑜獥瑫灯慜敒⁶潃敤剜癥灏屳瑓慥䅭䥐瑜畲歮剜汥慥敳乜䥎瀮扤਍㩆䉜捡畫⁰卓⁄ㄱㄭⴵ〲㈱啜敳獲䉜汩呬牵楢敮則䑜獥瑫灯慜敒⁶潃敤剜癥灏屳瑓慥䅭䥐瑜畲歮剜汥慥敳敜屮乎⹉敲潳牵散⹳汤൬帊㩆䉜捡畫⁰卓⁄ㄱㄭⴵ〲㈱啜敳獲䉜汩呬牵楢敮則䑜獥瑫灯慜敒⁶潃敤剜癥灏屳瑓慥䅭䥐瑜畲歮卜整浡偁⹉捶灸潲൪䘊尺慂正灵匠䑓ㄠⴱ㔱㈭㄰尲獕牥屳楂汬畔扲湩䝥屒敄歳潴屰剡癥䌠摯履敒佶獰卜整浡偁屉牴湵屫敒敬獡履瑓慥䅭䥐氮扩਍㩆䉜捡畫⁰卓⁄ㄱㄭⴵ〲㈱啜敳獲䉜汩呬牵楢敮則䑜獥瑫灯慜敒⁶潃敤剜癥灏屳瑓慥䅭䥐瑜畲歮剜汥慥敳卜整浡偁⹉硥൰䘊尺慂正灵匠䑓ㄠⴱ㔱㈭㄰尲獕牥屳楂汬畔扲湩䝥屒敄歳潴屰剡癥䌠摯履敒佶獰卜整浡偁屉牴湵屫敒敬獡履乎⹉汤൬䘊尺慂正灵匠䑓ㄠⴱ㔱㈭㄰尲獕牥屳楂汬畔扲湩䝥屒敄歳潴屰剡癥䌠摯履敒佶獰卜整浡偁屉牴湵屫敒敬獡履乎⹉摰ൢ䘊尺慂正灵匠䑓ㄠⴱ㔱㈭㄰尲獕牥屳楂汬畔扲湩䝥屒敄歳潴屰剡癥䌠摯履敒佶獰卜整浡偁屉牴湵屫敒敬獡履湥乜䥎爮獥畯捲獥搮汬਍䙞尺慂正灵匠䑓ㄠⴱ㔱㈭㄰尲獕牥屳楂汬畔扲湩䝥屒敄歳潴屰剡癥䌠摯履敒佶獰卜整浡偁屉牴湵屫瑓慥䅭䥐瘮硣牰橯਍㩆䉜捡畫⁰卓⁄ㄱㄭⴵ〲㈱啜敳獲䉜汩呬牵楢敮則䑜獥瑫灯慜敒⁶潃敤剜癥灏屳瑓慥䅭䥐瑜畲歮剜汥慥敳卜整浡偁⹉楬ൢ䘊尺慂正灵匠䑓ㄠⴱ㔱㈭㄰尲獕牥屳楂汬畔扲湩䝥屒敄歳潴屰剡癥䌠摯履敒佶獰卜整浡偁屉牴湵屫敒敬獡履瑓慥䅭䥐攮灸਍㩆䉜捡畫⁰卓⁄ㄱㄭⴵ〲㈱啜敳獲䉜汩呬牵楢敮則䑜獥瑫灯慜敒⁶潃敤剜癥灏屳瑓慥䅭䥐瑜畲歮剜汥慥敳乜䥎搮汬਍㩆䉜捡畫⁰卓⁄ㄱㄭⴵ〲㈱啜敳獲䉜汩呬牵楢敮則䑜獥瑫灯慜敒⁶潃敤剜癥灏屳瑓慥䅭䥐瑜畲歮剜汥慥敳乜䥎瀮扤਍㩆䉜捡畫⁰卓⁄ㄱㄭⴵ〲㈱啜敳獲䉜汩呬牵楢敮則䑜獥瑫灯慜敒⁶潃敤剜癥灏屳瑓慥䅭䥐瑜畲歮剜汥慥敳敜屮乎⹉敲潳牵散⹳汤൬帊㩆䉜捡畫⁰卓⁄ㄱㄭⴵ〲㈱啜敳獲䉜汩呬牵楢敮則䑜獥瑫灯慜敒⁶潃敤剜癥灏屳瑓慥䅭䥐瑜畲歮卜整浡偁⹉捶灸潲൪䘊尺慂正灵匠䑓ㄠⴱ㔱㈭㄰尲獕牥屳楂汬畔扲湩䝥屒敄歳潴屰剡癥䌠摯履敒佶獰卜整浡偁屉牴湵屫敒敬獡履瑓慥䅭䥐氮扩਍㩆䉜捡畫⁰卓⁄ㄱㄭⴵ〲㈱啜敳獲䉜汩呬牵楢敮則䑜獥瑫灯慜敒⁶潃敤剜癥灏屳瑓慥䅭䥐瑜畲歮剜汥慥敳卜整浡偁⹉硥൰䘊尺慂正灵匠䑓ㄠⴱ㔱㈭㄰尲獕牥屳楂汬畔扲湩䝥屒敄歳潴屰剡癥䌠摯履敒佶獰卜整浡偁屉牴湵屫敒敬獡履乎⹉汤൬䘊尺慂正灵匠䑓ㄠⴱ㔱㈭㄰尲獕牥屳楂汬畔扲湩䝥屒敄歳潴屰剡癥䌠摯履敒佶獰卜整浡偁屉牴湵屫敒敬獡履乎⹉摰ൢ䘊尺慂正灵匠䑓ㄠⴱ㔱㈭㄰尲獕牥屳楂汬畔扲湩䝥屒敄歳潴屰剡癥䌠摯履敒佶獰卜整浡偁屉牴湵屫敒敬獡履湥乜䥎爮獥畯捲獥搮汬਍䙞尺慂正灵匠䑓ㄠⴱ㔱㈭㄰尲獕牥屳楂汬畔扲湩䝥屒敄歳潴屰剡癥䌠摯履敒佶獰卜整浡偁屉牴湵屫瑓慥䅭䥐瘮硣牰橯਍㩆䉜捡畫⁰卓⁄ㄱㄭⴵ〲㈱啜敳獲䉜汩呬牵楢敮則䑜獥瑫灯慜敒⁶潃敤剜癥灏屳瑓慥䅭䥐瑜畲歮剜汥慥敳卜整浡偁⹉楬ൢ䘊尺慂正灵匠䑓ㄠⴱ㔱㈭㄰尲獕牥屳楂汬畔扲湩䝥屒敄歳潴屰剡癥䌠摯履敒佶獰卜整浡偁屉牴湵屫敒敬獡履瑓慥䅭䥐攮灸਍㩆䉜捡畫⁰卓⁄ㄱㄭⴵ〲㈱啜敳獲䉜汩呬牵楢敮則䑜獥瑫灯慜敒⁶潃敤剜癥灏屳瑓慥䅭䥐瑜畲歮剜汥慥敳乜䥎搮汬਍㩆䉜捡畫⁰卓⁄ㄱㄭⴵ〲㈱啜敳獲䉜汩呬牵楢敮則䑜獥瑫灯慜敒⁶潃敤剜癥灏屳瑓慥䅭䥐瑜畲歮剜汥慥敳乜䥎瀮扤਍㩆䉜捡畫⁰卓⁄ㄱㄭⴵ〲㈱啜敳獲䉜汩呬牵楢敮則䑜獥瑫灯慜敒⁶潃敤剜癥灏屳瑓慥䅭䥐瑜畲歮剜汥慥敳敜屮乎⹉敲潳牵散⹳汤൬帊㩆䉜捡畫⁰卓⁄ㄱㄭⴵ〲㈱啜敳獲䉜汩呬牵楢敮則䑜獥瑫灯慜敒⁶潃敤剜癥灏屳瑓慥䅭䥐瑜畲歮卜整浡偁⹉捶灸潲൪䘊尺慂正灵匠䑓ㄠⴱ㔱㈭㄰尲獕牥屳楂汬畔扲湩䝥屒敄歳潴屰剡癥䌠摯履敒佶獰卜整浡偁屉牴湵屫敒敬獡履瑓慥䅭䥐氮扩਍㩆䉜捡畫⁰卓⁄ㄱㄭⴵ〲㈱啜敳獲䉜汩呬牵楢敮則䑜獥瑫灯慜敒⁶潃敤剜癥灏屳瑓慥䅭䥐瑜畲歮剜汥慥敳卜整浡偁⹉硥൰䘊尺慂正灵匠䑓ㄠⴱ㔱㈭㄰尲獕牥屳楂汬畔扲湩䝥屒敄歳潴屰剡癥䌠摯履敒佶獰卜整浡偁屉牴湵屫敒敬獡履乎⹉汤൬䘊尺慂正灵匠䑓ㄠⴱ㔱㈭㄰尲獕牥屳楂汬畔扲湩䝥屒敄歳潴屰剡癥䌠摯履敒佶獰卜整浡偁屉牴湵屫敒敬獡履乎⹉摰ൢ䘊尺慂正灵匠䑓ㄠⴱ㔱㈭㄰尲獕牥屳楂汬畔扲湩䝥屒敄歳潴屰剡癥䌠摯履敒佶獰卜整浡偁屉牴湵屫敒敬獡履湥乜䥎爮獥畯捲獥搮汬਍䙞尺慂正灵匠䑓ㄠⴱ㔱㈭㄰尲獕牥屳楂汬畔扲湩䝥屒敄歳潴屰剡癥䌠摯履敒佶獰卜整浡偁屉牴湵屫瑓慥䅭䥐瘮硣牰橯਍㩆䉜捡畫⁰卓⁄ㄱㄭⴵ〲㈱啜敳獲䉜汩呬牵楢敮則䑜獥瑫灯慜敒⁶潃敤剜癥灏屳瑓慥䅭䥐瑜畲歮剜汥慥敳卜整浡偁⹉楬ൢ䘊尺慂正灵匠䑓ㄠⴱ㔱㈭㄰尲獕牥屳楂汬畔扲湩䝥屒敄歳潴屰剡癥䌠摯履敒佶獰卜整浡偁屉牴湵屫敒敬獡履瑓慥䅭䥐攮灸਍㩆䉜捡畫⁰卓⁄ㄱㄭⴵ〲㈱啜敳獲䉜汩呬牵楢敮則䑜獥瑫灯慜敒⁶潃敤剜癥灏屳瑓慥䅭䥐瑜畲歮剜汥慥敳乜䥎搮汬਍㩆䉜捡畫⁰卓⁄ㄱㄭⴵ〲㈱啜敳獲䉜汩呬牵楢敮則䑜獥瑫灯慜敒⁶潃敤剜癥灏屳瑓慥䅭䥐瑜畲歮剜汥慥敳乜䥎瀮扤਍㩆䉜捡畫⁰卓⁄ㄱㄭⴵ〲㈱啜敳獲䉜汩呬牵楢敮則䑜獥瑫灯慜敒⁶潃敤剜癥灏屳瑓慥䅭䥐瑜畲歮剜汥慥敳敜屮乎⹉敲潳牵散⹳汤൬帊㩆䉜捡畫⁰卓⁄ㄱㄭⴵ〲㈱啜敳獲䉜汩呬牵楢敮則䑜獥瑫灯慜敒⁶潃敤剜癥灏屳瑓慥䅭䥐瑜畲歮卜整浡偁⹉捶灸潲൪䘊尺慂正灵匠䑓ㄠⴱ㔱㈭㄰尲獕牥屳楂汬畔扲湩䝥屒敄歳潴屰剡癥䌠摯履敒佶獰卜整浡偁屉牴湵屫敒敬獡履瑓慥䅭䥐氮扩਍㩆䉜捡畫⁰卓⁄ㄱㄭⴵ〲㈱啜敳獲䉜汩呬牵楢敮則䑜獥瑫灯慜敒⁶潃敤剜癥灏屳瑓慥䅭䥐瑜畲歮剜汥慥敳卜整浡偁⹉硥൰䘊尺慂正灵匠䑓ㄠⴱ㔱㈭㄰尲獕牥屳楂汬畔扲湩䝥屒敄歳潴屰剡癥䌠摯履敒佶獰卜整浡偁屉牴湵屫敒敬獡履乎⹉汤൬䘊尺慂正灵匠䑓ㄠⴱ㔱㈭㄰尲獕牥屳楂汬畔扲湩䝥屒敄歳潴屰剡癥䌠摯履敒佶獰卜整浡偁屉牴湵屫敒敬獡履乎⹉摰ൢ䘊尺慂正灵匠䑓ㄠⴱ㔱㈭㄰尲獕牥屳楂汬畔扲湩䝥屒敄歳潴屰剡癥䌠摯履敒佶獰卜整浡偁屉牴湵屫敒敬獡履湥乜䥎爮獥畯捲獥搮汬਍䙞尺慂正灵匠䑓ㄠⴱ㔱㈭㄰尲獕牥屳楂汬畔扲湩䝥屒敄歳潴屰剡癥䌠摯履敒佶獰卜整浡偁屉牴湵屫瑓慥䅭䥐瘮硣牰橯਍㩆䉜捡畫⁰卓⁄ㄱㄭⴵ〲㈱啜敳獲䉜汩呬牵楢敮則䑜獥瑫灯慜敒⁶潃敤剜癥灏屳瑓慥䅭䥐瑜畲歮剜汥慥敳卜整浡偁⹉楬ൢ䘊尺慂正灵匠䑓ㄠⴱ㔱㈭㄰尲獕牥屳楂汬畔扲湩䝥屒敄歳潴屰剡癥䌠摯履敒佶獰卜整浡偁屉牴湵屫敒敬獡履瑓慥䅭䥐攮灸਍㩆䉜捡畫⁰卓⁄ㄱㄭⴵ〲㈱啜敳獲䉜汩呬牵楢敮則䑜獥瑫灯慜敒⁶潃敤剜癥灏屳瑓慥䅭䥐瑜畲歮剜汥慥敳乜䥎搮汬਍㩆䉜捡畫⁰卓⁄ㄱㄭⴵ〲㈱啜敳獲䉜汩呬牵楢敮則䑜獥瑫灯慜敒⁶潃敤剜癥灏屳瑓慥䅭䥐瑜畲歮剜汥慥敳乜䥎瀮扤਍㩆䉜捡畫⁰卓⁄ㄱㄭⴵ〲㈱啜敳獲䉜汩呬牵楢敮則䑜獥瑫灯慜敒⁶潃敤剜癥灏屳瑓慥䅭䥐瑜畲歮剜汥慥敳敜屮乎⹉敲潳牵散⹳汤൬䘊尺慂正灵匠䑓ㄠⴱ㔱㈭㄰尲獕牥屳楂汬畔扲湩䝥屒敄歳潴屰剡癥䌠摯履敒佶獰卜整浡偁屉牴湵屫敒敬獡履乎⹉汤൬䘊尺慂正灵匠䑓ㄠⴱ㔱㈭㄰尲獕牥屳楂汬畔扲湩䝥屒敄歳潴屰剡癥䌠摯履敒佶獰卜整浡偁屉牴湵屫敒敬獡履乎⹉摰ൢ䘊尺慂正灵匠䑓ㄠⴱ㔱㈭㄰尲獕牥屳楂汬畔扲湩䝥屒敄歳潴屰剡癥䌠摯履敒佶獰卜整浡偁屉牴湵屫敒敬獡履湥乜䥎爮獥畯捲獥搮汬਍䙞尺慂正灵匠䑓ㄠⴱ㔱㈭㄰尲獕牥屳楂汬畔扲湩䝥屒敄歳潴屰剡癥䌠摯履敒佶獰卜整浡偁屉牴湵屫瑓慥䅭䥐瘮硣牰橯਍㩆䉜捡畫⁰卓⁄ㄱㄭⴵ〲㈱啜敳獲䉜汩呬牵楢敮則䑜獥瑫灯慜敒⁶潃敤剜癥灏屳瑓慥䅭䥐瑜畲歮剜汥慥敳卜整浡偁⹉楬ൢ䘊尺慂正灵匠䑓ㄠⴱ㔱㈭㄰尲獕牥屳楂汬畔扲湩䝥屒敄歳潴屰剡癥䌠摯履敒佶獰卜整浡偁屉牴湵屫敒敬獡履瑓慥䅭䥐攮灸਍㩆䉜捡畫⁰卓⁄ㄱㄭⴵ〲㈱啜敳獲䉜汩呬牵楢敮則䑜獥瑫灯慜敒⁶潃敤剜癥灏屳瑓慥䅭䥐瑜畲歮剜汥慥敳乜䥎搮汬਍㩆䉜捡畫⁰卓⁄ㄱㄭⴵ〲㈱啜敳獲䉜汩呬牵楢敮則䑜獥瑫灯慜敒⁶潃敤剜癥灏屳瑓慥䅭䥐瑜畲歮剜汥慥敳乜䥎瀮扤਍㩆䉜捡畫⁰卓⁄ㄱㄭⴵ〲㈱啜敳獲䉜汩呬牵楢敮則䑜獥瑫灯慜敒⁶潃敤剜癥灏屳瑓慥䅭䥐瑜畲歮剜汥慥敳敜屮乎⹉敲潳牵散⹳汤൬䘊尺慂正灵匠䑓ㄠⴱ㔱㈭㄰尲獕牥屳楂汬畔扲湩䝥屒敄歳潴屰剡癥䌠摯履敒佶獰卜整浡偁屉牴湵屫敒敬獡履乎⹉汤൬䘊尺慂正灵匠䑓ㄠⴱ㔱㈭㄰尲獕牥屳楂汬畔扲湩䝥屒敄歳潴屰剡癥䌠摯履敒佶獰卜整浡偁屉牴湵屫敒敬獡履乎⹉摰ൢ䘊尺慂正灵匠䑓ㄠⴱ㔱㈭㄰尲獕牥屳楂汬畔扲湩䝥屒敄歳潴屰剡癥䌠摯履敒佶獰卜整浡偁屉牴湵屫敒敬獡履湥乜䥎爮獥畯捲獥搮汬਍㩆䉜捡畫⁰卓⁄ㄱㄭⴵ〲㈱啜敳獲䉜汩呬牵楢敮則䑜獥瑫灯慜敒⁶潃敤剜癥灏屳瑓慥䅭䥐瑜畲歮剜汥慥敳乜䥎搮汬਍㩆䉜捡畫⁰卓⁄ㄱㄭⴵ〲㈱啜敳獲䉜汩呬牵楢敮則䑜獥瑫灯慜敒⁶潃敤剜癥灏屳瑓慥䅭䥐瑜畲歮剜汥慥敳乜䥎瀮扤਍㩆䉜捡畫⁰卓⁄ㄱㄭⴵ〲㈱啜敳獲䉜汩呬牵楢敮則䑜獥瑫灯慜敒⁶潃敤剜癥灏屳瑓慥䅭䥐瑜畲歮剜汥慥敳敜屮乎⹉敲潳牵散⹳汤൬帊㩆䉜捡畫⁰卓⁄ㄱㄭⴵ〲㈱啜敳獲䉜汩呬牵楢敮則䑜獥瑫灯慜敒⁶潃敤剜癥灏屳瑓慥䅭䥐瑜畲歮卜整浡偁⹉捶灸潲൪䘊尺慂正灵匠䑓ㄠⴱ㔱㈭㄰尲獕牥屳楂汬畔扲湩䝥屒敄歳潴屰剡癥䌠摯履敒佶獰卜整浡偁屉牴湵屫敒敬獡履瑓慥䅭䥐氮扩਍㩆䉜捡畫⁰卓⁄ㄱㄭⴵ〲㈱啜敳獲䉜汩呬牵楢敮則䑜獥瑫灯慜敒⁶潃敤剜癥灏屳瑓慥䅭䥐瑜畲歮剜汥慥敳卜整浡偁⹉硥൰䘊尺慂正灵匠䑓ㄠⴱ㔱㈭㄰尲獕牥屳楂汬畔扲湩䝥屒敄歳潴屰剡癥䌠摯履敒佶獰卜整浡偁屉牴湵屫敒敬獡履乎⹉汤൬䘊尺慂正灵匠䑓ㄠⴱ㔱㈭㄰尲獕牥屳楂汬畔扲湩䝥屒敄歳潴屰剡癥䌠摯履敒佶獰卜整浡偁屉牴湵屫敒敬獡履乎⹉摰ൢ䘊尺慂正灵匠䑓ㄠⴱ㔱㈭㄰尲獕牥屳楂汬畔扲湩䝥屒敄歳潴屰剡癥䌠摯履敒佶獰卜整浡偁屉牴湵屫敒敬獡履湥乜䥎爮獥畯捲獥搮汬਍㩆䉜捡畫⁰卓⁄ㄱㄭⴵ〲㈱啜敳獲䉜汩呬牵楢敮則䑜獥瑫灯慜敒⁶潃敤剜癥灏屳瑓慥䅭䥐瑜畲歮剜汥慥敳乜䥎搮汬਍㩆䉜捡畫⁰卓⁄ㄱㄭⴵ〲㈱啜敳獲䉜汩呬牵楢敮則䑜獥瑫灯慜敒⁶潃敤剜癥灏屳瑓慥䅭䥐瑜畲歮剜汥慥敳乜䥎瀮扤਍㩆䉜捡畫⁰卓⁄ㄱㄭⴵ〲㈱啜敳獲䉜汩呬牵楢敮則䑜獥瑫灯慜敒⁶潃敤剜癥灏屳瑓慥䅭䥐瑜畲歮剜汥慥敳敜屮乎⹉敲潳牵散⹳汤൬䘊尺慂正灵匠䑓ㄠⴱ㔱㈭㄰尲獕牥屳楂汬畔扲湩䝥屒敄歳潴屰剡癥䌠摯履敒佶獰卜整浡偁屉牴湵屫敒敬獡履乎⹉汤൬䘊尺慂正灵匠䑓ㄠⴱ㔱㈭㄰尲獕牥屳楂汬畔扲湩䝥屒敄歳潴屰剡癥䌠摯履敒佶獰卜整浡偁屉牴湵屫敒敬獡履乎⹉摰ൢ䘊尺慂正灵匠䑓ㄠⴱ㔱㈭㄰尲獕牥屳楂汬畔扲湩䝥屒敄歳潴屰剡癥䌠摯履敒佶獰卜整浡偁屉牴湵屫敒敬獡履湥乜䥎爮獥畯捲獥搮汬਍㩆䉜捡畫⁰卓⁄ㄱㄭⴵ〲㈱啜敳獲䉜汩呬牵楢敮則䑜獥瑫灯慜敒⁶潃敤剜癥灏屳瑓慥䅭䥐瑜畲歮剜汥慥敳乜䥎搮汬਍㩆䉜捡畫⁰卓⁄ㄱㄭⴵ〲㈱啜敳獲䉜汩呬牵楢敮則䑜獥瑫灯慜敒⁶潃敤剜癥灏屳瑓慥䅭䥐瑜畲歮剜汥慥敳乜䥎瀮扤਍㩆䉜捡畫⁰卓⁄ㄱㄭⴵ〲㈱啜敳獲䉜汩呬牵楢敮則䑜獥瑫灯慜敒⁶潃敤剜癥灏屳瑓慥䅭䥐瑜畲歮剜汥慥敳敜屮乎⹉敲潳牵散⹳汤൬帊㩆䉜捡畫⁰卓⁄ㄱㄭⴵ〲㈱啜敳獲䉜汩呬牵楢敮則䑜獥瑫灯慜敒⁶潃敤剜癥灏屳瑓慥䅭䥐瑜畲歮卜整浡偁⹉捶灸潲൪䘊尺慂正灵匠䑓ㄠⴱ㔱㈭㄰尲獕牥屳楂汬畔扲湩䝥屒敄歳潴屰剡癥䌠摯履敒佶獰卜整浡偁屉牴湵屫敒敬獡履瑓慥䅭䥐氮扩਍㩆䉜捡畫⁰卓⁄ㄱㄭⴵ〲㈱啜敳獲䉜汩呬牵楢敮則䑜獥瑫灯慜敒⁶潃敤剜癥灏屳瑓慥䅭䥐瑜畲歮剜汥慥敳卜整浡偁⹉硥൰䘊尺慂正灵匠䑓ㄠⴱ㔱㈭㄰尲獕牥屳楂汬畔扲湩䝥屒敄歳潴屰剡癥䌠摯履敒佶獰卜整浡偁屉牴湵屫敒敬獡履乎⹉汤൬䘊尺慂正灵匠䑓ㄠⴱ㔱㈭㄰尲獕牥屳楂汬畔扲湩䝥屒敄歳潴屰剡癥䌠摯履敒佶獰卜整浡偁屉牴湵屫敒敬獡履乎⹉摰ൢ䘊尺慂正灵匠䑓ㄠⴱ㔱㈭㄰尲獕牥屳楂汬畔扲湩䝥屒敄歳潴屰剡癥䌠摯履敒佶獰卜整浡偁屉牴湵屫敒敬獡履湥乜䥎爮獥畯捲獥搮汬਍䙞尺慂正灵匠䑓ㄠⴱ㔱㈭㄰尲獕牥屳楂汬畔扲湩䝥屒敄歳潴屰剡癥䌠摯履敒佶獰卜整浡偁屉牴湵屫瑓慥䅭䥐瘮硣牰橯਍㩆䉜捡畫⁰卓⁄ㄱㄭⴵ〲㈱啜敳獲䉜汩呬牵楢敮則䑜獥瑫灯慜敒⁶潃敤剜癥灏屳瑓慥䅭䥐瑜畲歮剜汥慥敳卜整浡偁⹉楬ൢ䘊尺慂正灵匠䑓ㄠⴱ㔱㈭㄰尲獕牥屳楂汬畔扲湩䝥屒敄歳潴屰剡癥䌠摯履敒佶獰卜整浡偁屉牴湵屫敒敬獡履瑓慥䅭䥐攮灸਍㩆䉜捡畫⁰卓⁄ㄱㄭⴵ〲㈱啜敳獲䉜汩呬牵楢敮則䑜獥瑫灯慜敒⁶潃敤剜癥灏屳瑓慥䅭䥐瑜畲歮剜汥慥敳乜䥎搮汬਍㩆䉜捡畫⁰卓⁄ㄱㄭⴵ〲㈱啜敳獲䉜汩呬牵楢敮則䑜獥瑫灯慜敒⁶潃敤剜癥灏屳瑓慥䅭䥐瑜畲歮剜汥慥敳乜䥎瀮扤਍㩆䉜捡畫⁰卓⁄ㄱㄭⴵ〲㈱啜敳獲䉜汩呬牵楢敮則䑜獥瑫灯慜敒⁶潃敤剜癥灏屳瑓慥䅭䥐瑜畲歮剜汥慥敳敜屮乎⹉敲潳牵散⹳汤൬帊㩆䉜捡畫⁰卓⁄ㄱㄭⴵ〲㈱啜敳獲䉜汩呬牵楢敮則䑜獥瑫灯慜敒⁶潃敤剜癥灏屳瑓慥䅭䥐瑜畲歮卜整浡偁⹉捶灸潲൪䘊尺慂正灵匠䑓ㄠⴱ㔱㈭㄰尲獕牥屳楂汬畔扲湩䝥屒敄歳潴屰剡癥䌠摯履敒佶獰卜整浡偁屉牴湵屫敒敬獡履瑓慥䅭䥐氮扩਍㩆䉜捡畫⁰卓⁄ㄱㄭⴵ〲㈱啜敳獲䉜汩呬牵楢敮則䑜獥瑫灯慜敒⁶潃敤剜癥灏屳瑓慥䅭䥐瑜畲歮剜汥慥敳卜整浡偁⹉硥൰䘊尺慂正灵匠䑓ㄠⴱ㔱㈭㄰尲獕牥屳楂汬畔扲湩䝥屒敄歳潴屰剡癥䌠摯履敒佶獰卜整浡偁屉牴湵屫敒敬獡履乎⹉汤൬䘊尺慂正灵匠䑓ㄠⴱ㔱㈭㄰尲獕牥屳楂汬畔扲湩䝥屒敄歳潴屰剡癥䌠摯履敒佶獰卜整浡偁屉牴湵屫敒敬獡履乎⹉摰ൢ䘊尺慂正灵匠䑓ㄠⴱ㔱㈭㄰尲獕牥屳楂汬畔扲湩䝥屒敄歳潴屰剡癥䌠摯履敒佶獰卜整浡偁屉牴湵屫敒敬獡履湥乜䥎爮獥畯捲獥搮汬਍㩆䉜捡畫⁰卓⁄ㄱㄭⴵ〲㈱啜敳獲䉜汩呬牵楢敮則䑜獥瑫灯慜敒⁶潃敤剜癥灏屳瑓慥䅭䥐瑜畲歮剜汥慥敳乜䥎搮汬਍㩆䉜捡畫⁰卓⁄ㄱㄭⴵ〲㈱啜敳獲䉜汩呬牵楢敮則䑜獥瑫灯慜敒⁶潃敤剜癥灏屳瑓慥䅭䥐瑜畲歮剜汥慥敳乜䥎瀮扤਍㩆䉜捡畫⁰卓⁄ㄱㄭⴵ〲㈱啜敳獲䉜汩呬牵楢敮則䑜獥瑫灯慜敒⁶潃敤剜癥灏屳瑓慥䅭䥐瑜畲歮剜汥慥敳敜屮乎⹉敲潳牵散⹳汤൬䘊尺慂正灵匠䑓ㄠⴱ㔱㈭㄰尲獕牥屳楂汬畔扲湩䝥屒敄歳潴屰剡癥䌠摯履敒佶獰卜整浡偁屉牴湵屫敒敬獡履乎⹉汤൬䘊尺慂正灵匠䑓ㄠⴱ㔱㈭㄰尲獕牥屳楂汬畔扲湩䝥屒敄歳潴屰剡癥䌠摯履敒佶獰卜整浡偁屉牴湵屫敒敬獡履乎⹉摰ൢ䘊尺慂正灵匠䑓ㄠⴱ㔱㈭㄰尲獕牥屳楂汬畔扲湩䝥屒敄歳潴屰剡癥䌠摯履敒佶獰卜整浡偁屉牴湵屫敒敬獡履湥乜䥎爮獥畯捲獥搮汬਍
