f:\backup ssd 11-15-2012\users\billturbinegr\desktop\arev code\revops\steamapi\trunk\release\tools.obj
f:\backup ssd 11-15-2012\users\billturbinegr\desktop\arev code\revops\steamapi\trunk\release\detections.obj
f:\backup ssd 11-15-2012\users\billturbinegr\desktop\arev code\revops\steamapi\trunk\release\gamepatches.obj
f:\backup ssd 11-15-2012\users\billturbinegr\desktop\arev code\revops\steamapi\trunk\release\steamuserstats007.obj
f:\backup ssd 11-15-2012\users\billturbinegr\desktop\arev code\revops\steamapi\trunk\release\steamuser014.obj
f:\backup ssd 11-15-2012\users\billturbinegr\desktop\arev code\revops\steamapi\trunk\release\steammasterserverupdater001.obj
f:\backup ssd 11-15-2012\users\billturbinegr\desktop\arev code\revops\steamapi\trunk\release\steamgameserver010.obj
f:\backup ssd 11-15-2012\users\billturbinegr\desktop\arev code\revops\steamapi\trunk\release\steamfriends007.obj
f:\backup ssd 11-15-2012\users\billturbinegr\desktop\arev code\revops\steamapi\trunk\release\steamapps003.obj
f:\backup ssd 11-15-2012\users\billturbinegr\desktop\arev code\revops\steamapi\trunk\release\steamcommon.obj
f:\backup ssd 11-15-2012\users\billturbinegr\desktop\arev code\revops\steamapi\trunk\release\steamapi.obj
f:\backup ssd 11-15-2012\users\billturbinegr\desktop\arev code\revops\steamapi\trunk\release\apiexports.obj
f:\backup ssd 11-15-2012\users\billturbinegr\desktop\arev code\revops\steamapi\trunk\release\demonware.obj
f:\backup ssd 11-15-2012\users\billturbinegr\desktop\arev code\revops\steamapi\trunk\release\console.obj
f:\backup ssd 11-15-2012\users\billturbinegr\desktop\arev code\revops\steamapi\trunk\release\hooking.obj
f:\backup ssd 11-15-2012\users\billturbinegr\desktop\arev code\revops\steamapi\trunk\release\log.obj
f:\backup ssd 11-15-2012\users\billturbinegr\desktop\arev code\revops\steamapi\trunk\release\main.obj
f:\backup ssd 11-15-2012\users\billturbinegr\desktop\arev code\revops\steamapi\trunk\release\stats.obj
f:\backup ssd 11-15-2012\users\billturbinegr\desktop\arev code\revops\steamapi\trunk\release\newhooking.obj
f:\backup ssd 11-15-2012\users\billturbinegr\desktop\arev code\revops\steamapi\trunk\release\patcht5branding.obj
f:\backup ssd 11-15-2012\users\billturbinegr\desktop\arev code\revops\steamapi\trunk\release\getcommandline.obj
f:\backup ssd 11-15-2012\users\billturbinegr\desktop\arev code\revops\steamapi\trunk\release\t5sph4x.obj
f:\backup ssd 11-15-2012\users\billturbinegr\desktop\arev code\revops\steamapi\trunk\release\nslib.obj
f:\backup ssd 11-15-2012\users\billturbinegr\desktop\arev code\revops\steamapi\trunk\release\modalmessages.obj
f:\backup ssd 11-15-2012\users\billturbinegr\desktop\arev code\revops\steamapi\trunk\release\hwbrk.obj
f:\backup ssd 11-15-2012\users\billturbinegr\desktop\arev code\revops\steamapi\trunk\release\anticode.obj
f:\backup ssd 11-15-2012\users\billturbinegr\desktop\arev code\revops\steamapi\trunk\release\filesystem.obj
f:\backup ssd 11-15-2012\users\billturbinegr\desktop\arev code\revops\steamapi\trunk\release\callbacks.obj
f:\backup ssd 11-15-2012\users\billturbinegr\desktop\arev code\revops\steamapi\trunk\release\vc100.pdb
f:\backup ssd 11-15-2012\users\billturbinegr\desktop\arev code\revops\steamapi\trunk\release\.netframework,version=v4.0.assemblyattributes.obj
f:\nops test\revops\steam_api.dll
f:\backup ssd 11-15-2012\users\billturbinegr\desktop\arev code\revops\steamapi\trunk\release\steam_api.dll.intermediate.manifest
f:\nops test\revops\steam_api.pdb
f:\backup ssd 11-15-2012\users\billturbinegr\desktop\arev code\revops\steamapi\trunk\release\steamapi.dll
f:\backup ssd 11-15-2012\users\billturbinegr\desktop\arev code\revops\steamapi\trunk\release\nni.dll
f:\backup ssd 11-15-2012\users\billturbinegr\desktop\arev code\revops\steamapi\trunk\release\nni.pdb
f:\backup ssd 11-15-2012\users\billturbinegr\desktop\arev code\revops\steamapi\trunk\release\en\nni.resources.dll
f:\backup ssd 11-15-2012\users\billturbinegr\desktop\arev code\revops\steamapi\trunk\release\steamapi.lib
f:\backup ssd 11-15-2012\users\billturbinegr\desktop\arev code\revops\steamapi\trunk\release\steamapi.exp
f:\nops test\revops\steam_api.lib
f:\nops test\revops\steam_api.exp
g:\backup ssd 11-15-2012\users\billturbinegr\desktop\arev code\revops\steamapi\trunk\release\vc120.pdb
g:\backup ssd 11-15-2012\users\billturbinegr\desktop\arev code\revops\steamapi\trunk\release\steamfriends007.obj
g:\backup ssd 11-15-2012\users\billturbinegr\desktop\arev code\revops\steamapi\trunk\release\steamapps003.obj
g:\backup ssd 11-15-2012\users\billturbinegr\desktop\arev code\revops\steamapi\trunk\release\steamcommon.obj
g:\backup ssd 11-15-2012\users\billturbinegr\desktop\arev code\revops\steamapi\trunk\release\steamapi.obj
g:\backup ssd 11-15-2012\users\billturbinegr\desktop\arev code\revops\steamapi\trunk\release\apiexports.obj
g:\backup ssd 11-15-2012\users\billturbinegr\desktop\arev code\revops\steamapi\trunk\release\gamepatches.obj
g:\backup ssd 11-15-2012\users\billturbinegr\desktop\arev code\revops\steamapi\trunk\release\filesystem.obj
g:\backup ssd 11-15-2012\users\billturbinegr\desktop\arev code\revops\steamapi\trunk\release\demonware.obj
g:\backup ssd 11-15-2012\users\billturbinegr\desktop\arev code\revops\steamapi\trunk\release\console.obj
g:\backup ssd 11-15-2012\users\billturbinegr\desktop\arev code\revops\steamapi\trunk\release\hwbrk.obj
g:\backup ssd 11-15-2012\users\billturbinegr\desktop\arev code\revops\steamapi\trunk\release\hooking.obj
g:\backup ssd 11-15-2012\users\billturbinegr\desktop\arev code\revops\steamapi\trunk\release\anticode.obj
g:\backup ssd 11-15-2012\users\billturbinegr\desktop\arev code\revops\steamapi\trunk\release\log.obj
g:\backup ssd 11-15-2012\users\billturbinegr\desktop\arev code\revops\steamapi\trunk\release\main.obj
g:\backup ssd 11-15-2012\users\billturbinegr\desktop\arev code\revops\steamapi\trunk\release\stats.obj
g:\backup ssd 11-15-2012\users\billturbinegr\desktop\arev code\revops\steamapi\trunk\release\newhooking.obj
g:\backup ssd 11-15-2012\users\billturbinegr\desktop\arev code\revops\steamapi\trunk\release\patcht5branding.obj
g:\backup ssd 11-15-2012\users\billturbinegr\desktop\arev code\revops\steamapi\trunk\release\getcommandline.obj
g:\backup ssd 11-15-2012\users\billturbinegr\desktop\arev code\revops\steamapi\trunk\release\detections.obj
g:\backup ssd 11-15-2012\users\billturbinegr\desktop\arev code\revops\steamapi\trunk\release\callbacks.obj
g:\backup ssd 11-15-2012\users\billturbinegr\desktop\arev code\revops\steamapi\trunk\release\tools.obj
g:\backup ssd 11-15-2012\users\billturbinegr\desktop\arev code\revops\steamapi\trunk\release\t5sph4x.obj
g:\backup ssd 11-15-2012\users\billturbinegr\desktop\arev code\revops\steamapi\trunk\release\nslib.obj
g:\backup ssd 11-15-2012\users\billturbinegr\desktop\arev code\revops\steamapi\trunk\release\modalmessages.obj
g:\backup ssd 11-15-2012\users\billturbinegr\desktop\arev code\revops\steamapi\trunk\release\steamuserstats007.obj
g:\backup ssd 11-15-2012\users\billturbinegr\desktop\arev code\revops\steamapi\trunk\release\steamuser014.obj
g:\backup ssd 11-15-2012\users\billturbinegr\desktop\arev code\revops\steamapi\trunk\release\steammasterserverupdater001.obj
g:\backup ssd 11-15-2012\users\billturbinegr\desktop\arev code\revops\steamapi\trunk\release\steamgameserver010.obj
g:\backup ssd 11-15-2012\users\billturbinegr\desktop\arev code\revops\steamapi\trunk\release\.netframework,version=v4.0.assemblyattributes.obj
g:\nops test\revops\steam_api.dll
g:\nops test\revops\steam_api.pdb
g:\backup ssd 11-15-2012\users\billturbinegr\desktop\arev code\revops\steamapi\trunk\release\steamapi.tlog\metagen.write.1.tlog
g:\nops test\revops\steam_api.lib
g:\nops test\revops\steam_api.exp
g:\backup ssd 11-15-2012\users\billturbinegr\desktop\arev code\revops\steamapi\trunk\release\steamapi.vcxprojresolveassemblyreference.cache
g:\backup ssd 11-15-2012\users\billturbinegr\desktop\arev code\revops\steamapi\trunk\release\cl.command.1.tlog
g:\backup ssd 11-15-2012\users\billturbinegr\desktop\arev code\revops\steamapi\trunk\release\cl.read.1.tlog
g:\backup ssd 11-15-2012\users\billturbinegr\desktop\arev code\revops\steamapi\trunk\release\cl.write.1.tlog
g:\backup ssd 11-15-2012\users\billturbinegr\desktop\arev code\revops\steamapi\trunk\release\link.command.1.tlog
g:\backup ssd 11-15-2012\users\billturbinegr\desktop\arev code\revops\steamapi\trunk\release\link.read.1.tlog
g:\backup ssd 11-15-2012\users\billturbinegr\desktop\arev code\revops\steamapi\trunk\release\link.write.1.tlog
g:\backup ssd 11-15-2012\users\billturbinegr\desktop\arev code\revops\steamapi\trunk\release\mt.command.1.tlog
g:\backup ssd 11-15-2012\users\billturbinegr\desktop\arev code\revops\steamapi\trunk\release\mt.read.1.tlog
g:\backup ssd 11-15-2012\users\billturbinegr\desktop\arev code\revops\steamapi\trunk\release\mt.write.1.tlog
g:\backup ssd 11-15-2012\users\billturbinegr\desktop\arev code\revops\steamapi\trunk\release\steamapi.write.1.tlog
g:\backup ssd 11-15-2012\users\billturbinegr\desktop\arev code\revops\steamapi\trunk\release\steamapi.dll.intermediate.manifest
g:\backup ssd 11-15-2012\users\billturbinegr\desktop\arev code\revops\steamapi\trunk\release\steam_api.dll.intermediate.manifest
g:\backup ssd 11-15-2012\users\billturbinegr\desktop\arev code\revops\steamapi\trunk\release\steamapi.exp
g:\backup ssd 11-15-2012\users\billturbinegr\desktop\arev code\revops\steamapi\trunk\release\nni.pdb
g:\backup ssd 11-15-2012\users\billturbinegr\desktop\arev code\revops\steamapi\trunk\release\steamapi.pdb
g:\backup ssd 11-15-2012\users\billturbinegr\desktop\arev code\revops\steamapi\trunk\release\vc100.pdb
g:\backup ssd 11-15-2012\users\billturbinegr\desktop\arev code\revops\steamapi\trunk\..\..\..\..\..\..\..\..\nops test\revops\steam_api.dll
g:\backup ssd 11-15-2012\users\billturbinegr\desktop\arev code\revops\steamapi\trunk\release\steamapi.tlog\cl.command.1.tlog
g:\backup ssd 11-15-2012\users\billturbinegr\desktop\arev code\revops\steamapi\trunk\release\steamapi.tlog\cl.read.1.tlog
g:\backup ssd 11-15-2012\users\billturbinegr\desktop\arev code\revops\steamapi\trunk\release\steamapi.tlog\cl.write.1.tlog
g:\backup ssd 11-15-2012\users\billturbinegr\desktop\arev code\revops\steamapi\trunk\release\steamapi.tlog\link.command.1.tlog
g:\backup ssd 11-15-2012\users\billturbinegr\desktop\arev code\revops\steamapi\trunk\release\steamapi.tlog\link.read.1.tlog
g:\backup ssd 11-15-2012\users\billturbinegr\desktop\arev code\revops\steamapi\trunk\release\steamapi.tlog\link.write.1.tlog
g:\backup ssd 11-15-2012\users\billturbinegr\desktop\arev code\revops\steamapi\trunk\release\steamapi.tlog\metagen.read.1.tlog
g:\backup ssd 11-15-2012\users\billturbinegr\desktop\arev code\revops\steamapi\trunk\release\steamapi.tlog\steamapi.write.1u.tlog
g:\backup ssd 11-15-2012\users\billturbinegr\desktop\arev code\revops\steamapi\trunk\release\steamapi.tlog\nni.dll.metagen
g:\backup ssd 11-15-2012\users\billturbinegr\desktop\arev code\revops\steamapi\trunk\release\steamapi.tlog\tzres.dll.bi
